<?xml version="1.0" encoding="UTF-8"?>
<testng-results ignored="0" total="1" passed="1" failed="0" skipped="0">
  <reporter-output>
  </reporter-output>
  <suite started-at="2024-11-21T17:03:51 IST" name="Default suite" finished-at="2024-11-21T17:03:57 IST" duration-ms="6469">
    <groups>
    </groups>
    <test started-at="2024-11-21T17:03:51 IST" name="Default test" finished-at="2024-11-21T17:03:57 IST" duration-ms="6469">
      <class name="Tests.TC_002_loginScreen">
        <test-method signature="LoginTest()[pri:0, instance:Tests.TC_002_loginScreen@4c5474f5]" started-at="2024-11-21T17:03:51 IST" name="LoginTest" finished-at="2024-11-21T17:03:57 IST" duration-ms="6396" status="PASS">
          <reporter-output>
          </reporter-output>
        </test-method> <!-- LoginTest -->
      </class> <!-- Tests.TC_002_loginScreen -->
    </test> <!-- Default test -->
  </suite> <!-- Default suite -->
</testng-results>
